[INFO] Scanning for projects...
[INFO] ------------------------------------------------------------------------
[INFO] Reactor Build Order:
[INFO]
[INFO] CIB seven - QA - upgrade - rolling update                          [pom]
[INFO] CIB seven - QA - upgrade - rolling update util                     [jar]
[INFO] CIB seven - QA - upgrade - rolling update - create old engine      [jar]
[INFO] CIB seven - QA - upgrade - rolling update - create new engine      [jar]
[INFO] CIB seven - QA - upgrade - rolling update - test old engine        [jar]
[INFO]
[INFO] -----< org.cibseven.bpm.qa.upgrade:cibseven-qa-db-rolling-update >------
[INFO] Building CIB seven - QA - upgrade - rolling update 2.2.0-SNAPSHOT  [1/5]
[INFO]   from pom.xml
[INFO] --------------------------------[ pom ]---------------------------------
[INFO]
[INFO] >>> rewrite:5.43.0:run (default-cli) > process-test-classes @ cibseven-qa-db-rolling-update >>>
[INFO]
[INFO] <<< rewrite:5.43.0:run (default-cli) < process-test-classes @ cibseven-qa-db-rolling-update <<<
[INFO]
[INFO]
[INFO] --- rewrite:5.43.0:run (default-cli) @ cibseven-qa-db-rolling-update ---
[INFO] REWRITE: Delaying execution to the end of multi-module project for org.cibseven.bpm.qa.upgrade:cibseven-qa-db-rolling-update:2.2.0-SNAPSHOT
[INFO]
[INFO] ---< org.cibseven.bpm.qa.upgrade:cibseven-qa-db-rolling-update-util >---
[INFO] Building CIB seven - QA - upgrade - rolling update util 2.2.0-SNAPSHOT [2/5]
[INFO]   from rolling-update-util/pom.xml
[INFO] --------------------------------[ jar ]---------------------------------
[INFO]
[INFO] >>> rewrite:5.43.0:run (default-cli) > process-test-classes @ cibseven-qa-db-rolling-update-util >>>
[INFO]
[INFO] --- resources:2.6:resources (default-resources) @ cibseven-qa-db-rolling-update-util ---
[INFO] Using 'UTF-8' encoding to copy filtered resources.
[INFO] Copying 14 resources
[INFO]
[INFO] --- compiler:3.6.2:compile (default-compile) @ cibseven-qa-db-rolling-update-util ---
[INFO] Nothing to compile - all classes are up to date
[INFO]
[INFO] --- resources:2.6:testResources (default-testResources) @ cibseven-qa-db-rolling-update-util ---
[INFO] Using 'UTF-8' encoding to copy filtered resources.
[INFO] skip non existing resourceDirectory /app/qa/test-db-rolling-update/rolling-update-util/src/test/resources
[INFO]
[INFO] --- compiler:3.6.2:testCompile (default-testCompile) @ cibseven-qa-db-rolling-update-util ---
[INFO] No sources to compile
[INFO]
[INFO] <<< rewrite:5.43.0:run (default-cli) < process-test-classes @ cibseven-qa-db-rolling-update-util <<<
[INFO]
[INFO]
[INFO] --- rewrite:5.43.0:run (default-cli) @ cibseven-qa-db-rolling-update-util ---
[INFO] REWRITE: Delaying execution to the end of multi-module project for org.cibseven.bpm.qa.upgrade:cibseven-qa-db-rolling-update-util:2.2.0-SNAPSHOT
[INFO]
[INFO] ----< org.cibseven.bpm.qa.upgrade:cibseven-qa-db-create-old-engine >----
[INFO] Building CIB seven - QA - upgrade - rolling update - create old engine 2.2.0-SNAPSHOT [3/5]
[INFO]   from create-old-engine/pom.xml
[INFO] --------------------------------[ jar ]---------------------------------
[INFO]
[INFO] >>> rewrite:5.43.0:run (default-cli) > process-test-classes @ cibseven-qa-db-create-old-engine >>>
[INFO]
[INFO] --- resources:2.6:resources (default-resources) @ cibseven-qa-db-create-old-engine ---
[INFO] Using 'UTF-8' encoding to copy filtered resources.
[INFO] Copying 2 resources
[INFO]
[INFO] --- compiler:3.6.2:compile (default-compile) @ cibseven-qa-db-create-old-engine ---
[INFO] Nothing to compile - all classes are up to date
[INFO]
[INFO] --- resources:2.6:testResources (default-testResources) @ cibseven-qa-db-create-old-engine ---
[INFO] Using 'UTF-8' encoding to copy filtered resources.
[INFO] skip non existing resourceDirectory /app/qa/test-db-rolling-update/create-old-engine/src/test/resources
[INFO]
[INFO] --- compiler:3.6.2:testCompile (default-testCompile) @ cibseven-qa-db-create-old-engine ---
[INFO] No sources to compile
[INFO]
[INFO] <<< rewrite:5.43.0:run (default-cli) < process-test-classes @ cibseven-qa-db-create-old-engine <<<
[INFO]
[INFO]
[INFO] --- rewrite:5.43.0:run (default-cli) @ cibseven-qa-db-create-old-engine ---
[INFO] REWRITE: Delaying execution to the end of multi-module project for org.cibseven.bpm.qa.upgrade:cibseven-qa-db-create-old-engine:2.2.0-SNAPSHOT
[INFO]
[INFO] ----< org.cibseven.bpm.qa.upgrade:cibseven-qa-db-create-new-engine >----
[INFO] Building CIB seven - QA - upgrade - rolling update - create new engine 2.2.0-SNAPSHOT [4/5]
[INFO]   from create-new-engine/pom.xml
[INFO] --------------------------------[ jar ]---------------------------------
[INFO]
[INFO] >>> rewrite:5.43.0:run (default-cli) > process-test-classes @ cibseven-qa-db-create-new-engine >>>
[INFO]
[INFO] --- resources:2.6:resources (default-resources) @ cibseven-qa-db-create-new-engine ---
[INFO] Using 'UTF-8' encoding to copy filtered resources.
[INFO] Copying 2 resources
[INFO]
[INFO] --- compiler:3.6.2:compile (default-compile) @ cibseven-qa-db-create-new-engine ---
[INFO] Nothing to compile - all classes are up to date
[INFO]
[INFO] --- resources:2.6:testResources (default-testResources) @ cibseven-qa-db-create-new-engine ---
[INFO] Using 'UTF-8' encoding to copy filtered resources.
[INFO] skip non existing resourceDirectory /app/qa/test-db-rolling-update/create-new-engine/src/test/resources
[INFO]
[INFO] --- compiler:3.6.2:testCompile (default-testCompile) @ cibseven-qa-db-create-new-engine ---
[INFO] No sources to compile
[INFO]
[INFO] <<< rewrite:5.43.0:run (default-cli) < process-test-classes @ cibseven-qa-db-create-new-engine <<<
[INFO]
[INFO]
[INFO] --- rewrite:5.43.0:run (default-cli) @ cibseven-qa-db-create-new-engine ---
[INFO] REWRITE: Delaying execution to the end of multi-module project for org.cibseven.bpm.qa.upgrade:cibseven-qa-db-create-new-engine:2.2.0-SNAPSHOT
[INFO]
[INFO] -----< org.cibseven.bpm.qa.upgrade:cibseven-qa-db-test-old-engine >-----
[INFO] Building CIB seven - QA - upgrade - rolling update - test old engine 2.2.0-SNAPSHOT [5/5]
[INFO]   from test-old-engine/pom.xml
[INFO] --------------------------------[ jar ]---------------------------------
[INFO]
[INFO] >>> rewrite:5.43.0:run (default-cli) > process-test-classes @ cibseven-qa-db-test-old-engine >>>
[INFO]
[INFO] --- resources:2.6:resources (default-resources) @ cibseven-qa-db-test-old-engine ---
[INFO] Using 'UTF-8' encoding to copy filtered resources.
[INFO] Copying 2 resources
[INFO]
[INFO] --- compiler:3.6.2:compile (default-compile) @ cibseven-qa-db-test-old-engine ---
[INFO] No sources to compile
[INFO]
[INFO] --- resources:2.6:testResources (default-testResources) @ cibseven-qa-db-test-old-engine ---
[INFO] Using 'UTF-8' encoding to copy filtered resources.
[INFO] skip non existing resourceDirectory /app/qa/test-db-rolling-update/test-old-engine/src/test/resources
[INFO]
[INFO] --- compiler:3.6.2:testCompile (default-testCompile) @ cibseven-qa-db-test-old-engine ---
[INFO] Nothing to compile - all classes are up to date
[INFO]
[INFO] <<< rewrite:5.43.0:run (default-cli) < process-test-classes @ cibseven-qa-db-test-old-engine <<<
[INFO]
[INFO]
[INFO] --- rewrite:5.43.0:run (default-cli) @ cibseven-qa-db-test-old-engine ---
[INFO] Using active recipe(s) [org.openrewrite.java.testing.junit5.JUnit5BestPractices, org.openrewrite.java.testing.assertj.Assertj]
[INFO] Using active styles(s) []
[INFO] Validating active recipes...
[INFO] Project [CIB seven - QA - upgrade - rolling update] Resolving Poms...
[INFO] Project [CIB seven - QA - upgrade - rolling update] Parsing source files
[INFO] Project [CIB seven - QA - upgrade - rolling update util] Parsing source files
[INFO] Project [CIB seven - QA - upgrade - rolling update - create old engine] Parsing source files
[INFO] Project [CIB seven - QA - upgrade - rolling update - create new engine] Parsing source files
[INFO] Project [CIB seven - QA - upgrade - rolling update - test old engine] Parsing source files
[INFO] Running recipe(s)...
[WARNING] Changes have been made to qa/test-db-rolling-update/rolling-update-util/pom.xml by:
[WARNING]     org.openrewrite.java.testing.junit5.JUnit5BestPractices
[WARNING]         org.openrewrite.java.testing.junit5.JUnit4to5Migration
[WARNING]             org.openrewrite.maven.ExcludeDependency: {groupId=junit, artifactId=junit}
[WARNING] Changes have been made to qa/test-db-rolling-update/create-old-engine/pom.xml by:
[WARNING]     org.openrewrite.java.testing.junit5.JUnit5BestPractices
[WARNING]         org.openrewrite.java.testing.junit5.JUnit4to5Migration
[WARNING]             org.openrewrite.maven.ExcludeDependency: {groupId=junit, artifactId=junit}
[WARNING] Changes have been made to qa/test-db-rolling-update/create-new-engine/pom.xml by:
[WARNING]     org.openrewrite.java.testing.junit5.JUnit5BestPractices
[WARNING]         org.openrewrite.java.testing.junit5.JUnit4to5Migration
[WARNING]             org.openrewrite.maven.ExcludeDependency: {groupId=junit, artifactId=junit}
[WARNING] Changes have been made to qa/test-db-rolling-update/test-old-engine/pom.xml by:
[WARNING]     org.openrewrite.java.testing.junit5.JUnit5BestPractices
[WARNING]         org.openrewrite.java.testing.junit5.JUnit4to5Migration
[WARNING]             org.openrewrite.java.dependencies.RemoveDependency: {groupId=junit, artifactId=junit}
[WARNING]                 org.openrewrite.maven.RemoveDependency: {groupId=junit, artifactId=junit}
[WARNING]             org.openrewrite.maven.ExcludeDependency: {groupId=junit, artifactId=junit}
[WARNING]             org.openrewrite.java.testing.junit5.AddJupiterDependencies
[WARNING] Changes have been made to qa/test-db-rolling-update/test-old-engine/src/test/java/org/cibseven/bpm/qa/rolling/update/eventSubProcess/CompleteProcessWithEventSubProcessTest.java by:
[WARNING]     org.openrewrite.java.testing.junit5.JUnit5BestPractices
[WARNING]         org.openrewrite.java.testing.junit5.JUnit4to5Migration
[WARNING]             org.openrewrite.java.testing.junit5.AssertToAssertions
[WARNING]             org.openrewrite.java.testing.junit5.UpdateTestAnnotation
[WARNING]         org.openrewrite.java.testing.junit5.StaticImports
[WARNING]             org.openrewrite.java.UseStaticImport: {methodPattern=org.junit.jupiter.api.Assertions *(..)}
[WARNING]         org.openrewrite.java.testing.cleanup.RemoveTestPrefix
[WARNING]         org.openrewrite.java.testing.cleanup.TestsShouldNotBePublic
[WARNING]         org.openrewrite.java.testing.assertj.Assertj
[WARNING]             org.openrewrite.java.testing.assertj.JUnitToAssertj
[WARNING]                 org.openrewrite.java.testing.assertj.JUnitAssertNotNullToAssertThat
[WARNING] Changes have been made to qa/test-db-rolling-update/test-old-engine/src/test/java/org/cibseven/bpm/qa/rolling/update/externalTask/CompleteProcessWithExternalTaskTest.java by:
[WARNING]     org.openrewrite.java.testing.junit5.JUnit5BestPractices
[WARNING]         org.openrewrite.java.testing.junit5.JUnit4to5Migration
[WARNING]             org.openrewrite.java.testing.junit5.MigrateJUnitTestCase
[WARNING]             org.openrewrite.java.testing.junit5.UpdateTestAnnotation
[WARNING]         org.openrewrite.java.testing.cleanup.RemoveTestPrefix
[WARNING]         org.openrewrite.java.testing.cleanup.TestsShouldNotBePublic
[WARNING]         org.openrewrite.java.testing.assertj.Assertj
[WARNING]             org.openrewrite.java.testing.assertj.JUnitToAssertj
[WARNING]                 org.openrewrite.java.testing.assertj.JUnitAssertEqualsToAssertThat
[WARNING]                 org.openrewrite.java.testing.assertj.JUnitAssertNotNullToAssertThat
[WARNING]                 org.openrewrite.java.testing.assertj.JUnitAssertNullToAssertThat
[WARNING]             org.openrewrite.java.testing.assertj.SimplifyChainedAssertJAssertions
[WARNING]                 org.openrewrite.java.testing.assertj.SimplifyChainedAssertJAssertion: {chainedAssertion=size, assertToReplace=isEqualTo, dedicatedAssertion=hasSize, requiredType=java.util.Collection}
[WARNING] Changes have been made to qa/test-db-rolling-update/test-old-engine/src/test/java/org/cibseven/bpm/qa/rolling/update/cleanup/HistoryCleanupTest.java by:
[WARNING]     org.openrewrite.java.testing.junit5.JUnit5BestPractices
[WARNING]         org.openrewrite.java.testing.junit5.JUnit4to5Migration
[WARNING]             org.openrewrite.java.testing.junit5.UpdateBeforeAfterAnnotations
[WARNING]             org.openrewrite.java.testing.junit5.UpdateTestAnnotation
[WARNING]         org.openrewrite.java.testing.cleanup.RemoveTestPrefix
[WARNING]         org.openrewrite.java.testing.cleanup.TestsShouldNotBePublic
[WARNING]         org.openrewrite.java.testing.assertj.Assertj
[WARNING]             org.openrewrite.java.testing.hamcrest.MigrateHamcrestToAssertJ
[WARNING]                 org.openrewrite.java.ChangeMethodTargetToStatic: {methodPattern=org.hamcrest.core.* *(..), fullyQualifiedTargetTypeName=org.hamcrest.Matchers}
[WARNING]                 org.openrewrite.java.testing.hamcrest.HamcrestIsMatcherToAssertJ
[WARNING]             org.openrewrite.java.testing.assertj.SimplifyChainedAssertJAssertions
[WARNING]                 org.openrewrite.java.testing.assertj.SimplifyChainedAssertJAssertion: {chainedAssertion=size, assertToReplace=isEqualTo, dedicatedAssertion=hasSize, requiredType=java.util.Collection}
[WARNING] Changes have been made to qa/test-db-rolling-update/test-old-engine/src/test/java/org/cibseven/bpm/qa/rolling/update/AbstractRollingUpdateTestCase.java by:
[WARNING]     org.openrewrite.java.testing.junit5.JUnit5BestPractices
[WARNING]         org.openrewrite.java.testing.junit5.JUnit4to5Migration
[WARNING]             org.openrewrite.java.testing.junit5.UpdateBeforeAfterAnnotations
[WARNING]             org.openrewrite.java.testing.junit5.ParameterizedRunnerToParameterized
[WARNING] Changes have been made to qa/test-db-rolling-update/test-old-engine/src/test/java/org/cibseven/bpm/qa/rolling/update/callactivity/CompleteProcessWithCallActivityTest.java by:
[WARNING]     org.openrewrite.java.testing.junit5.JUnit5BestPractices
[WARNING]         org.openrewrite.java.testing.junit5.JUnit4to5Migration
[WARNING]             org.openrewrite.java.testing.junit5.AssertToAssertions
[WARNING]             org.openrewrite.java.testing.junit5.UpdateBeforeAfterAnnotations
[WARNING]             org.openrewrite.java.testing.junit5.UpdateTestAnnotation
[WARNING]         org.openrewrite.java.testing.cleanup.RemoveTestPrefix
[WARNING]         org.openrewrite.java.testing.cleanup.TestsShouldNotBePublic
[WARNING]         org.openrewrite.java.testing.assertj.Assertj
[WARNING]             org.openrewrite.java.testing.assertj.JUnitToAssertj
[WARNING]                 org.openrewrite.java.testing.assertj.JUnitAssertNotNullToAssertThat
[WARNING] Changes have been made to qa/test-db-rolling-update/test-old-engine/src/test/java/org/cibseven/bpm/qa/rolling/update/DeleteDeploymentTest.java by:
[WARNING]     org.openrewrite.java.testing.junit5.JUnit5BestPractices
[WARNING]         org.openrewrite.java.testing.junit5.JUnit4to5Migration
[WARNING]             org.openrewrite.java.testing.junit5.UpdateTestAnnotation
[WARNING]         org.openrewrite.java.testing.cleanup.RemoveTestPrefix
[WARNING]         org.openrewrite.java.testing.cleanup.TestsShouldNotBePublic
[WARNING] Changes have been made to qa/test-db-rolling-update/test-old-engine/src/test/java/org/cibseven/bpm/qa/rolling/update/batch/SetRemovalTimeToProcessInstanceTest.java by:
[WARNING]     org.openrewrite.java.testing.junit5.JUnit5BestPractices
[WARNING]         org.openrewrite.java.testing.junit5.JUnit4to5Migration
[WARNING]             org.openrewrite.java.testing.junit5.AssertToAssertions
[WARNING]             org.openrewrite.java.testing.junit5.UpdateBeforeAfterAnnotations
[WARNING]             org.openrewrite.java.testing.junit5.UpdateTestAnnotation
[WARNING]         org.openrewrite.java.testing.cleanup.RemoveTestPrefix
[WARNING]         org.openrewrite.java.testing.cleanup.TestsShouldNotBePublic
[WARNING]         org.openrewrite.java.testing.assertj.Assertj
[WARNING]             org.openrewrite.java.testing.assertj.JUnitToAssertj
[WARNING]                 org.openrewrite.java.testing.assertj.JUnitAssertEqualsToAssertThat
[WARNING] Changes have been made to qa/test-db-rolling-update/test-old-engine/src/test/java/org/cibseven/bpm/qa/rolling/update/timestamp/IncidentTimestampUpdateTest.java by:
[WARNING]     org.openrewrite.java.testing.junit5.JUnit5BestPractices
[WARNING]         org.openrewrite.java.testing.junit5.JUnit4to5Migration
[WARNING]             org.openrewrite.java.testing.junit5.UseHamcrestAssertThat
[WARNING]                 org.openrewrite.java.ChangeMethodTargetToStatic: {methodPattern=org.junit.Assert assertThat(..), fullyQualifiedTargetTypeName=org.hamcrest.MatcherAssert}
[WARNING]             org.openrewrite.java.testing.junit5.UpdateTestAnnotation
[WARNING]         org.openrewrite.java.testing.cleanup.RemoveTestPrefix
[WARNING]         org.openrewrite.java.testing.cleanup.TestsShouldNotBePublic
[WARNING]         org.openrewrite.java.testing.assertj.Assertj
[WARNING]             org.openrewrite.java.testing.hamcrest.MigrateHamcrestToAssertJ
[WARNING]                 org.openrewrite.java.testing.hamcrest.HamcrestIsMatcherToAssertJ
[WARNING] Changes have been made to qa/test-db-rolling-update/test-old-engine/src/test/java/org/cibseven/bpm/qa/rolling/update/timestamp/AbstractTimestampUpdateTest.java by:
[WARNING]     org.openrewrite.java.testing.junit5.JUnit5BestPractices
[WARNING]         org.openrewrite.java.testing.junit5.JUnit4to5Migration
[WARNING]             org.openrewrite.java.testing.junit5.UseHamcrestAssertThat
[WARNING]                 org.openrewrite.java.ChangeMethodTargetToStatic: {methodPattern=org.junit.Assert assertThat(..), fullyQualifiedTargetTypeName=org.hamcrest.MatcherAssert}
[WARNING]             org.openrewrite.java.testing.junit5.CleanupJUnitImports
[WARNING]             org.openrewrite.java.testing.junit5.UpdateBeforeAfterAnnotations
[WARNING]         org.openrewrite.java.testing.assertj.Assertj
[WARNING]             org.openrewrite.java.testing.hamcrest.MigrateHamcrestToAssertJ
[WARNING]                 org.openrewrite.java.testing.hamcrest.RemoveIsMatcher
[WARNING]                 org.openrewrite.java.testing.hamcrest.HamcrestMatcherToAssertJ: {matcher=notNullValue, assertion=isNotNull}
[WARNING] Changes have been made to qa/test-db-rolling-update/test-old-engine/src/test/java/org/cibseven/bpm/qa/rolling/update/timestamp/JobTimestampsUpdateTest.java by:
[WARNING]     org.openrewrite.java.testing.junit5.JUnit5BestPractices
[WARNING]         org.openrewrite.java.testing.junit5.JUnit4to5Migration
[WARNING]             org.openrewrite.java.testing.junit5.UseHamcrestAssertThat
[WARNING]                 org.openrewrite.java.ChangeMethodTargetToStatic: {methodPattern=org.junit.Assert assertThat(..), fullyQualifiedTargetTypeName=org.hamcrest.MatcherAssert}
[WARNING]             org.openrewrite.java.testing.junit5.UpdateTestAnnotation
[WARNING]         org.openrewrite.java.testing.cleanup.RemoveTestPrefix
[WARNING]         org.openrewrite.java.testing.cleanup.TestsShouldNotBePublic
[WARNING]         org.openrewrite.java.testing.assertj.Assertj
[WARNING]             org.openrewrite.java.testing.hamcrest.MigrateHamcrestToAssertJ
[WARNING]                 org.openrewrite.java.testing.hamcrest.HamcrestIsMatcherToAssertJ
[WARNING] Changes have been made to qa/test-db-rolling-update/test-old-engine/src/test/java/org/cibseven/bpm/qa/rolling/update/authorization/AuthorizationTest.java by:
[WARNING]     org.openrewrite.java.testing.junit5.JUnit5BestPractices
[WARNING]         org.openrewrite.java.testing.junit5.JUnit4to5Migration
[WARNING]             org.openrewrite.java.testing.junit5.AssertToAssertions
[WARNING]             org.openrewrite.java.testing.junit5.UpdateBeforeAfterAnnotations
[WARNING]             org.openrewrite.java.testing.junit5.UpdateTestAnnotation
[WARNING]         org.openrewrite.java.testing.cleanup.RemoveTestPrefix
[WARNING]         org.openrewrite.java.testing.cleanup.TestsShouldNotBePublic
[WARNING]         org.openrewrite.java.testing.assertj.Assertj
[WARNING]             org.openrewrite.java.testing.assertj.JUnitToAssertj
[WARNING]                 org.openrewrite.java.testing.assertj.JUnitAssertFalseToAssertThat
[WARNING]                 org.openrewrite.java.testing.assertj.JUnitAssertNotNullToAssertThat
[WARNING]             org.openrewrite.java.testing.assertj.SimplifyChainedAssertJAssertions
[WARNING]                 org.openrewrite.java.testing.assertj.SimplifyChainedAssertJAssertion: {chainedAssertion=isEmpty, assertToReplace=isFalse, dedicatedAssertion=isNotEmpty, requiredType=java.util.Collection}
[WARNING] Changes have been made to qa/test-db-rolling-update/test-old-engine/src/test/java/org/cibseven/bpm/qa/rolling/update/variable/EmptyStringVariableTest.java by:
[WARNING]     org.openrewrite.java.testing.junit5.JUnit5BestPractices
[WARNING]         org.openrewrite.java.testing.junit5.JUnit4to5Migration
[WARNING]             org.openrewrite.java.testing.junit5.UseHamcrestAssertThat
[WARNING]                 org.openrewrite.java.ChangeMethodTargetToStatic: {methodPattern=org.junit.Assert assertThat(..), fullyQualifiedTargetTypeName=org.hamcrest.MatcherAssert}
[WARNING]             org.openrewrite.java.testing.junit5.UpdateTestAnnotation
[WARNING]         org.openrewrite.java.testing.cleanup.TestsShouldNotBePublic
[WARNING]         org.openrewrite.java.testing.assertj.Assertj
[WARNING]             org.openrewrite.java.testing.hamcrest.MigrateHamcrestToAssertJ
[WARNING]                 org.openrewrite.java.testing.hamcrest.HamcrestIsMatcherToAssertJ
[WARNING] Changes have been made to qa/test-db-rolling-update/test-old-engine/src/test/java/org/cibseven/bpm/qa/rolling/update/multiInstance/CompleteProcessWithMultiInstanceCallActivityTest.java by:
[WARNING]     org.openrewrite.java.testing.junit5.JUnit5BestPractices
[WARNING]         org.openrewrite.java.testing.junit5.JUnit4to5Migration
[WARNING]             org.openrewrite.java.testing.junit5.AssertToAssertions
[WARNING]             org.openrewrite.java.testing.junit5.UpdateTestAnnotation
[WARNING]         org.openrewrite.java.testing.cleanup.RemoveTestPrefix
[WARNING]         org.openrewrite.java.testing.cleanup.TestsShouldNotBePublic
[WARNING]         org.openrewrite.java.testing.assertj.Assertj
[WARNING]             org.openrewrite.java.testing.assertj.JUnitToAssertj
[WARNING]                 org.openrewrite.java.testing.assertj.JUnitAssertNotNullToAssertThat
[WARNING] Changes have been made to qa/test-db-rolling-update/test-old-engine/src/test/java/org/cibseven/bpm/qa/rolling/update/task/CompleteProcessWithAsyncServiceTaskTest.java by:
[WARNING]     org.openrewrite.java.testing.junit5.JUnit5BestPractices
[WARNING]         org.openrewrite.java.testing.junit5.JUnit4to5Migration
[WARNING]             org.openrewrite.java.testing.junit5.AssertToAssertions
[WARNING]             org.openrewrite.java.testing.junit5.UpdateTestAnnotation
[WARNING]         org.openrewrite.java.testing.junit5.StaticImports
[WARNING]             org.openrewrite.java.UseStaticImport: {methodPattern=org.junit.jupiter.api.Assertions *(..)}
[WARNING]         org.openrewrite.java.testing.cleanup.RemoveTestPrefix
[WARNING]         org.openrewrite.java.testing.cleanup.TestsShouldNotBePublic
[WARNING]         org.openrewrite.java.testing.assertj.Assertj
[WARNING]             org.openrewrite.java.testing.assertj.JUnitToAssertj
[WARNING]                 org.openrewrite.java.testing.assertj.JUnitAssertNotNullToAssertThat
[WARNING] Changes have been made to qa/test-db-rolling-update/test-old-engine/src/test/java/org/cibseven/bpm/qa/rolling/update/task/CompleteProcessWithParallelGatewayTest.java by:
[WARNING]     org.openrewrite.java.testing.junit5.JUnit5BestPractices
[WARNING]         org.openrewrite.java.testing.junit5.JUnit4to5Migration
[WARNING]             org.openrewrite.java.testing.junit5.AssertToAssertions
[WARNING]             org.openrewrite.java.testing.junit5.UpdateTestAnnotation
[WARNING]         org.openrewrite.java.testing.junit5.StaticImports
[WARNING]             org.openrewrite.java.UseStaticImport: {methodPattern=org.junit.jupiter.api.Assertions *(..)}
[WARNING]         org.openrewrite.java.testing.cleanup.RemoveTestPrefix
[WARNING]         org.openrewrite.java.testing.cleanup.TestsShouldNotBePublic
[WARNING]         org.openrewrite.java.testing.assertj.Assertj
[WARNING]             org.openrewrite.java.testing.assertj.JUnitToAssertj
[WARNING]                 org.openrewrite.java.testing.assertj.JUnitAssertEqualsToAssertThat
[WARNING]                 org.openrewrite.java.testing.assertj.JUnitAssertNotNullToAssertThat
[WARNING]             org.openrewrite.java.testing.assertj.SimplifyChainedAssertJAssertions
[WARNING]                 org.openrewrite.java.testing.assertj.SimplifyChainedAssertJAssertion: {chainedAssertion=size, assertToReplace=isEqualTo, dedicatedAssertion=hasSize, requiredType=java.util.Collection}
[WARNING] Changes have been made to qa/test-db-rolling-update/test-old-engine/src/test/java/org/cibseven/bpm/qa/rolling/update/task/CompleteProcessWithParallelGatewayAndServiceTaskTest.java by:
[WARNING]     org.openrewrite.java.testing.junit5.JUnit5BestPractices
[WARNING]         org.openrewrite.java.testing.junit5.JUnit4to5Migration
[WARNING]             org.openrewrite.java.testing.junit5.AssertToAssertions
[WARNING]             org.openrewrite.java.testing.junit5.UpdateTestAnnotation
[WARNING]         org.openrewrite.java.testing.junit5.StaticImports
[WARNING]             org.openrewrite.java.UseStaticImport: {methodPattern=org.junit.jupiter.api.Assertions *(..)}
[WARNING]         org.openrewrite.java.testing.cleanup.RemoveTestPrefix
[WARNING]         org.openrewrite.java.testing.cleanup.TestsShouldNotBePublic
[WARNING]         org.openrewrite.java.testing.assertj.Assertj
[WARNING]             org.openrewrite.java.testing.assertj.JUnitToAssertj
[WARNING]                 org.openrewrite.java.testing.assertj.JUnitAssertEqualsToAssertThat
[WARNING]                 org.openrewrite.java.testing.assertj.JUnitAssertNotNullToAssertThat
[WARNING]             org.openrewrite.java.testing.assertj.SimplifyChainedAssertJAssertions
[WARNING]                 org.openrewrite.java.testing.assertj.SimplifyChainedAssertJAssertion: {chainedAssertion=size, assertToReplace=isEqualTo, dedicatedAssertion=hasSize, requiredType=java.util.Collection}
[WARNING] Changes have been made to qa/test-db-rolling-update/test-old-engine/src/test/java/org/cibseven/bpm/qa/rolling/update/task/CompleteProcessWithUserTaskTest.java by:
[WARNING]     org.openrewrite.java.testing.junit5.JUnit5BestPractices
[WARNING]         org.openrewrite.java.testing.junit5.JUnit4to5Migration
[WARNING]             org.openrewrite.java.testing.junit5.AssertToAssertions
[WARNING]             org.openrewrite.java.testing.junit5.UpdateTestAnnotation
[WARNING]         org.openrewrite.java.testing.junit5.StaticImports
[WARNING]             org.openrewrite.java.UseStaticImport: {methodPattern=org.junit.jupiter.api.Assertions *(..)}
[WARNING]         org.openrewrite.java.testing.cleanup.RemoveTestPrefix
[WARNING]         org.openrewrite.java.testing.cleanup.TestsShouldNotBePublic
[WARNING]         org.openrewrite.java.testing.assertj.Assertj
[WARNING]             org.openrewrite.java.testing.assertj.JUnitToAssertj
[WARNING]                 org.openrewrite.java.testing.assertj.JUnitAssertEqualsToAssertThat
[WARNING]                 org.openrewrite.java.testing.assertj.JUnitAssertNotNullToAssertThat
[WARNING] Changes have been made to qa/test-db-rolling-update/test-old-engine/src/test/java/org/cibseven/bpm/qa/rolling/update/task/CompleteProcessWithUserTaskAndTimerTest.java by:
[WARNING]     org.openrewrite.java.testing.junit5.JUnit5BestPractices
[WARNING]         org.openrewrite.java.testing.junit5.JUnit4to5Migration
[WARNING]             org.openrewrite.java.testing.junit5.AssertToAssertions
[WARNING]             org.openrewrite.java.testing.junit5.UpdateTestAnnotation
[WARNING]         org.openrewrite.java.testing.junit5.StaticImports
[WARNING]             org.openrewrite.java.UseStaticImport: {methodPattern=org.junit.jupiter.api.Assertions *(..)}
[WARNING]         org.openrewrite.java.testing.cleanup.RemoveTestPrefix
[WARNING]         org.openrewrite.java.testing.cleanup.TestsShouldNotBePublic
[WARNING]         org.openrewrite.java.testing.assertj.Assertj
[WARNING]             org.openrewrite.java.testing.assertj.JUnitToAssertj
[WARNING]                 org.openrewrite.java.testing.assertj.JUnitAssertFalseToAssertThat
[WARNING]                 org.openrewrite.java.testing.assertj.JUnitAssertNotNullToAssertThat
[WARNING]                 org.openrewrite.java.testing.assertj.JUnitAssertTrueToAssertThat
[WARNING] Please review and commit the results.
[WARNING] Estimate time saved: 1h 50m
[INFO] ------------------------------------------------------------------------
[INFO] Reactor Summary for CIB seven - QA - upgrade - rolling update 2.2.0-SNAPSHOT:
[INFO]
[INFO] CIB seven - QA - upgrade - rolling update .......... SUCCESS [  2.534 s]
[INFO] CIB seven - QA - upgrade - rolling update util ..... SUCCESS [  1.453 s]
[INFO] CIB seven - QA - upgrade - rolling update - create old engine SUCCESS [  0.137 s]
[INFO] CIB seven - QA - upgrade - rolling update - create new engine SUCCESS [  0.259 s]
[INFO] CIB seven - QA - upgrade - rolling update - test old engine SUCCESS [01:13 min]
[INFO] ------------------------------------------------------------------------
[INFO] BUILD SUCCESS
[INFO] ------------------------------------------------------------------------
[INFO] Total time:  01:18 min
[INFO] Finished at: 2026-02-02T21:59:57Z
[INFO] ------------------------------------------------------------------------
